{"C:\\Users\\camil\\OneDrive\\Escritorio\\VIP\\EyeLand\\src\\App.jsx": {"path":"C:\\Users\\camil\\OneDrive\\Escritorio\\VIP\\EyeLand\\src\\App.jsx","statementMap":{"0":{"start":{"line":13,"column":50},"end":{"line":13,"column":74}},"1":{"start":{"line":15,"column":2},"end":{"line":31,"column":3}}},"fnMap":{"0":{"name":"App","decl":{"start":{"line":11,"column":9},"end":{"line":11,"column":12}},"loc":{"start":{"line":11,"column":15},"end":{"line":32,"column":1}},"line":11}},"branchMap":{},"s":{"0":0,"1":0},"f":{"0":0},"b":{}}
,"C:\\Users\\camil\\OneDrive\\Escritorio\\VIP\\EyeLand\\src\\main.jsx": {"path":"C:\\Users\\camil\\OneDrive\\Escritorio\\VIP\\EyeLand\\src\\main.jsx","statementMap":{"0":{"start":{"line":9,"column":0},"end":{"line":19,"column":1}}},"fnMap":{},"branchMap":{},"s":{"0":0},"f":{},"b":{}}
,"C:\\Users\\camil\\OneDrive\\Escritorio\\VIP\\EyeLand\\src\\components\\Admin\\AdminNavbarButton.jsx": {"path":"C:\\Users\\camil\\OneDrive\\Escritorio\\VIP\\EyeLand\\src\\components\\Admin\\AdminNavbarButton.jsx","statementMap":{"0":{"start":{"line":4,"column":4},"end":{"line":13,"column":5}}},"fnMap":{"0":{"name":"AdminNavbarButton","decl":{"start":{"line":3,"column":9},"end":{"line":3,"column":26}},"loc":{"start":{"line":3,"column":71},"end":{"line":14,"column":1}},"line":3}},"branchMap":{"0":{"loc":{"start":{"line":3,"column":53},"end":{"line":3,"column":67}},"type":"default-arg","locations":[{"start":{"line":3,"column":63},"end":{"line":3,"column":67}}],"line":3}},"s":{"0":0},"f":{"0":0},"b":{"0":[0]}}
,"C:\\Users\\camil\\OneDrive\\Escritorio\\VIP\\EyeLand\\src\\components\\Admin\\AdminNavbarCRUDTable.jsx": {"path":"C:\\Users\\camil\\OneDrive\\Escritorio\\VIP\\EyeLand\\src\\components\\Admin\\AdminNavbarCRUDTable.jsx","statementMap":{"0":{"start":{"line":5,"column":4},"end":{"line":10,"column":5}}},"fnMap":{"0":{"name":"AdminNavbarCRUDTable","decl":{"start":{"line":4,"column":9},"end":{"line":4,"column":29}},"loc":{"start":{"line":4,"column":47},"end":{"line":11,"column":1}},"line":4}},"branchMap":{},"s":{"0":0},"f":{"0":0},"b":{}}
,"C:\\Users\\camil\\OneDrive\\Escritorio\\VIP\\EyeLand\\src\\components\\Admin\\AdminNavbarCRUDTitle.jsx": {"path":"C:\\Users\\camil\\OneDrive\\Escritorio\\VIP\\EyeLand\\src\\components\\Admin\\AdminNavbarCRUDTitle.jsx","statementMap":{"0":{"start":{"line":4,"column":22},"end":{"line":4,"column":62}},"1":{"start":{"line":6,"column":4},"end":{"line":14,"column":5}}},"fnMap":{"0":{"name":"AdminNavbarCRUDTitle","decl":{"start":{"line":3,"column":9},"end":{"line":3,"column":29}},"loc":{"start":{"line":3,"column":52},"end":{"line":15,"column":1}},"line":3}},"branchMap":{},"s":{"0":0,"1":0},"f":{"0":0},"b":{}}
,"C:\\Users\\camil\\OneDrive\\Escritorio\\VIP\\EyeLand\\src\\components\\Admin\\NavBarCrud.jsx": {"path":"C:\\Users\\camil\\OneDrive\\Escritorio\\VIP\\EyeLand\\src\\components\\Admin\\NavBarCrud.jsx","statementMap":{"0":{"start":{"line":5,"column":15},"end":{"line":16,"column":1}},"1":{"start":{"line":19,"column":4},"end":{"line":34,"column":5}},"2":{"start":{"line":26,"column":28},"end":{"line":28,"column":29}}},"fnMap":{"0":{"name":"NavBarCrud","decl":{"start":{"line":18,"column":9},"end":{"line":18,"column":19}},"loc":{"start":{"line":18,"column":22},"end":{"line":35,"column":1}},"line":18},"1":{"name":"(anonymous_1)","decl":{"start":{"line":25,"column":35},"end":{"line":25,"column":36}},"loc":{"start":{"line":25,"column":53},"end":{"line":29,"column":25}},"line":25}},"branchMap":{},"s":{"0":0,"1":0,"2":0},"f":{"0":0,"1":0},"b":{}}
,"C:\\Users\\camil\\OneDrive\\Escritorio\\VIP\\EyeLand\\src\\components\\Admin\\Navbar.jsx": {"path":"C:\\Users\\camil\\OneDrive\\Escritorio\\VIP\\EyeLand\\src\\components\\Admin\\Navbar.jsx","statementMap":{"0":{"start":{"line":7,"column":42},"end":{"line":7,"column":54}},"1":{"start":{"line":8,"column":36},"end":{"line":8,"column":47}},"2":{"start":{"line":10,"column":25},"end":{"line":14,"column":5}},"3":{"start":{"line":11,"column":8},"end":{"line":11,"column":40}},"4":{"start":{"line":12,"column":8},"end":{"line":12,"column":39}},"5":{"start":{"line":13,"column":8},"end":{"line":13,"column":32}},"6":{"start":{"line":16,"column":25},"end":{"line":23,"column":5}},"7":{"start":{"line":17,"column":8},"end":{"line":17,"column":26}},"8":{"start":{"line":18,"column":8},"end":{"line":22,"column":9}},"9":{"start":{"line":19,"column":12},"end":{"line":19,"column":35}},"10":{"start":{"line":21,"column":12},"end":{"line":21,"column":40}},"11":{"start":{"line":25,"column":21},"end":{"line":25,"column":34}},"12":{"start":{"line":27,"column":4},"end":{"line":33,"column":18}},"13":{"start":{"line":28,"column":8},"end":{"line":32,"column":9}},"14":{"start":{"line":29,"column":12},"end":{"line":29,"column":27}},"15":{"start":{"line":30,"column":15},"end":{"line":32,"column":9}},"16":{"start":{"line":31,"column":12},"end":{"line":31,"column":27}},"17":{"start":{"line":35,"column":4},"end":{"line":67,"column":5}}},"fnMap":{"0":{"name":"Navbar","decl":{"start":{"line":5,"column":9},"end":{"line":5,"column":15}},"loc":{"start":{"line":5,"column":18},"end":{"line":68,"column":1}},"line":5},"1":{"name":"(anonymous_1)","decl":{"start":{"line":10,"column":25},"end":{"line":10,"column":26}},"loc":{"start":{"line":10,"column":31},"end":{"line":14,"column":5}},"line":10},"2":{"name":"(anonymous_2)","decl":{"start":{"line":16,"column":25},"end":{"line":16,"column":26}},"loc":{"start":{"line":16,"column":36},"end":{"line":23,"column":5}},"line":16},"3":{"name":"(anonymous_3)","decl":{"start":{"line":27,"column":14},"end":{"line":27,"column":15}},"loc":{"start":{"line":27,"column":20},"end":{"line":33,"column":5}},"line":27}},"branchMap":{"0":{"loc":{"start":{"line":18,"column":8},"end":{"line":22,"column":9}},"type":"if","locations":[{"start":{"line":18,"column":8},"end":{"line":22,"column":9}},{"start":{"line":20,"column":15},"end":{"line":22,"column":9}}],"line":18},"1":{"loc":{"start":{"line":28,"column":8},"end":{"line":32,"column":9}},"type":"if","locations":[{"start":{"line":28,"column":8},"end":{"line":32,"column":9}},{"start":{"line":30,"column":15},"end":{"line":32,"column":9}}],"line":28},"2":{"loc":{"start":{"line":30,"column":15},"end":{"line":32,"column":9}},"type":"if","locations":[{"start":{"line":30,"column":15},"end":{"line":32,"column":9}},{"start":{},"end":{}}],"line":30}},"s":{"0":0,"1":0,"2":0,"3":0,"4":0,"5":0,"6":0,"7":0,"8":0,"9":0,"10":0,"11":0,"12":0,"13":0,"14":0,"15":0,"16":0,"17":0},"f":{"0":0,"1":0,"2":0,"3":0},"b":{"0":[0,0],"1":[0,0],"2":[0,0]}}
,"C:\\Users\\camil\\OneDrive\\Escritorio\\VIP\\EyeLand\\src\\components\\Home\\Accesibility.jsx": {"path":"C:\\Users\\camil\\OneDrive\\Escritorio\\VIP\\EyeLand\\src\\components\\Home\\Accesibility.jsx","statementMap":{"0":{"start":{"line":7,"column":54},"end":{"line":7,"column":85}},"1":{"start":{"line":8,"column":56},"end":{"line":8,"column":121}},"2":{"start":{"line":10,"column":4},"end":{"line":106,"column":5}},"3":{"start":{"line":35,"column":36},"end":{"line":35,"column":146}},"4":{"start":{"line":45,"column":36},"end":{"line":49,"column":37}},"5":{"start":{"line":46,"column":40},"end":{"line":46,"column":83}},"6":{"start":{"line":48,"column":40},"end":{"line":48,"column":83}},"7":{"start":{"line":59,"column":36},"end":{"line":65,"column":37}},"8":{"start":{"line":60,"column":40},"end":{"line":60,"column":113}},"9":{"start":{"line":61,"column":43},"end":{"line":65,"column":37}},"10":{"start":{"line":62,"column":40},"end":{"line":62,"column":113}},"11":{"start":{"line":63,"column":43},"end":{"line":65,"column":37}},"12":{"start":{"line":64,"column":40},"end":{"line":64,"column":113}},"13":{"start":{"line":75,"column":36},"end":{"line":83,"column":37}},"14":{"start":{"line":76,"column":40},"end":{"line":76,"column":118}},"15":{"start":{"line":77,"column":43},"end":{"line":83,"column":37}},"16":{"start":{"line":78,"column":40},"end":{"line":78,"column":116}},"17":{"start":{"line":79,"column":43},"end":{"line":83,"column":37}},"18":{"start":{"line":80,"column":40},"end":{"line":80,"column":116}},"19":{"start":{"line":81,"column":43},"end":{"line":83,"column":37}},"20":{"start":{"line":82,"column":40},"end":{"line":82,"column":118}},"21":{"start":{"line":93,"column":36},"end":{"line":97,"column":37}},"22":{"start":{"line":94,"column":40},"end":{"line":94,"column":127}},"23":{"start":{"line":95,"column":43},"end":{"line":97,"column":37}},"24":{"start":{"line":96,"column":40},"end":{"line":96,"column":127}}},"fnMap":{"0":{"name":"Accesibility","decl":{"start":{"line":5,"column":9},"end":{"line":5,"column":21}},"loc":{"start":{"line":5,"column":24},"end":{"line":107,"column":1}},"line":5},"1":{"name":"(anonymous_1)","decl":{"start":{"line":33,"column":32},"end":{"line":33,"column":33}},"loc":{"start":{"line":33,"column":38},"end":{"line":36,"column":33}},"line":33},"2":{"name":"(anonymous_2)","decl":{"start":{"line":44,"column":32},"end":{"line":44,"column":33}},"loc":{"start":{"line":44,"column":38},"end":{"line":50,"column":33}},"line":44},"3":{"name":"(anonymous_3)","decl":{"start":{"line":58,"column":32},"end":{"line":58,"column":33}},"loc":{"start":{"line":58,"column":38},"end":{"line":66,"column":33}},"line":58},"4":{"name":"(anonymous_4)","decl":{"start":{"line":74,"column":32},"end":{"line":74,"column":33}},"loc":{"start":{"line":74,"column":38},"end":{"line":84,"column":33}},"line":74},"5":{"name":"(anonymous_5)","decl":{"start":{"line":92,"column":32},"end":{"line":92,"column":33}},"loc":{"start":{"line":92,"column":38},"end":{"line":98,"column":33}},"line":92}},"branchMap":{"0":{"loc":{"start":{"line":13,"column":16},"end":{"line":13,"column":86}},"type":"cond-expr","locations":[{"start":{"line":13,"column":59},"end":{"line":13,"column":71}},{"start":{"line":13,"column":74},"end":{"line":13,"column":86}}],"line":13},"1":{"loc":{"start":{"line":45,"column":36},"end":{"line":49,"column":37}},"type":"if","locations":[{"start":{"line":45,"column":36},"end":{"line":49,"column":37}},{"start":{"line":47,"column":43},"end":{"line":49,"column":37}}],"line":45},"2":{"loc":{"start":{"line":59,"column":36},"end":{"line":65,"column":37}},"type":"if","locations":[{"start":{"line":59,"column":36},"end":{"line":65,"column":37}},{"start":{"line":61,"column":43},"end":{"line":65,"column":37}}],"line":59},"3":{"loc":{"start":{"line":61,"column":43},"end":{"line":65,"column":37}},"type":"if","locations":[{"start":{"line":61,"column":43},"end":{"line":65,"column":37}},{"start":{"line":63,"column":43},"end":{"line":65,"column":37}}],"line":61},"4":{"loc":{"start":{"line":63,"column":43},"end":{"line":65,"column":37}},"type":"if","locations":[{"start":{"line":63,"column":43},"end":{"line":65,"column":37}},{"start":{},"end":{}}],"line":63},"5":{"loc":{"start":{"line":75,"column":36},"end":{"line":83,"column":37}},"type":"if","locations":[{"start":{"line":75,"column":36},"end":{"line":83,"column":37}},{"start":{"line":77,"column":43},"end":{"line":83,"column":37}}],"line":75},"6":{"loc":{"start":{"line":77,"column":43},"end":{"line":83,"column":37}},"type":"if","locations":[{"start":{"line":77,"column":43},"end":{"line":83,"column":37}},{"start":{"line":79,"column":43},"end":{"line":83,"column":37}}],"line":77},"7":{"loc":{"start":{"line":79,"column":43},"end":{"line":83,"column":37}},"type":"if","locations":[{"start":{"line":79,"column":43},"end":{"line":83,"column":37}},{"start":{"line":81,"column":43},"end":{"line":83,"column":37}}],"line":79},"8":{"loc":{"start":{"line":81,"column":43},"end":{"line":83,"column":37}},"type":"if","locations":[{"start":{"line":81,"column":43},"end":{"line":83,"column":37}},{"start":{},"end":{}}],"line":81},"9":{"loc":{"start":{"line":93,"column":36},"end":{"line":97,"column":37}},"type":"if","locations":[{"start":{"line":93,"column":36},"end":{"line":97,"column":37}},{"start":{"line":95,"column":43},"end":{"line":97,"column":37}}],"line":93},"10":{"loc":{"start":{"line":95,"column":43},"end":{"line":97,"column":37}},"type":"if","locations":[{"start":{"line":95,"column":43},"end":{"line":97,"column":37}},{"start":{},"end":{}}],"line":95}},"s":{"0":0,"1":0,"2":0,"3":0,"4":0,"5":0,"6":0,"7":0,"8":0,"9":0,"10":0,"11":0,"12":0,"13":0,"14":0,"15":0,"16":0,"17":0,"18":0,"19":0,"20":0,"21":0,"22":0,"23":0,"24":0},"f":{"0":0,"1":0,"2":0,"3":0,"4":0,"5":0},"b":{"0":[0,0],"1":[0,0],"2":[0,0],"3":[0,0],"4":[0,0],"5":[0,0],"6":[0,0],"7":[0,0],"8":[0,0],"9":[0,0],"10":[0,0]}}
,"C:\\Users\\camil\\OneDrive\\Escritorio\\VIP\\EyeLand\\src\\components\\Home\\AccesibilityButton.jsx": {"path":"C:\\Users\\camil\\OneDrive\\Escritorio\\VIP\\EyeLand\\src\\components\\Home\\AccesibilityButton.jsx","statementMap":{"0":{"start":{"line":4,"column":4},"end":{"line":9,"column":5}}},"fnMap":{"0":{"name":"AccesibilityButton","decl":{"start":{"line":3,"column":9},"end":{"line":3,"column":27}},"loc":{"start":{"line":3,"column":52},"end":{"line":10,"column":1}},"line":3}},"branchMap":{},"s":{"0":0},"f":{"0":0},"b":{}}
,"C:\\Users\\camil\\OneDrive\\Escritorio\\VIP\\EyeLand\\src\\components\\Home\\Hero.jsx": {"path":"C:\\Users\\camil\\OneDrive\\Escritorio\\VIP\\EyeLand\\src\\components\\Home\\Hero.jsx","statementMap":{"0":{"start":{"line":4,"column":4},"end":{"line":21,"column":5}}},"fnMap":{"0":{"name":"Hero","decl":{"start":{"line":3,"column":9},"end":{"line":3,"column":13}},"loc":{"start":{"line":3,"column":16},"end":{"line":22,"column":1}},"line":3}},"branchMap":{},"s":{"0":0},"f":{"0":0},"b":{}}
,"C:\\Users\\camil\\OneDrive\\Escritorio\\VIP\\EyeLand\\src\\components\\Home\\Methodology.jsx": {"path":"C:\\Users\\camil\\OneDrive\\Escritorio\\VIP\\EyeLand\\src\\components\\Home\\Methodology.jsx","statementMap":{"0":{"start":{"line":7,"column":30},"end":{"line":7,"column":41}},"1":{"start":{"line":9,"column":44},"end":{"line":9,"column":63}},"2":{"start":{"line":10,"column":46},"end":{"line":10,"column":74}},"3":{"start":{"line":11,"column":46},"end":{"line":11,"column":90}},"4":{"start":{"line":13,"column":46},"end":{"line":13,"column":67}},"5":{"start":{"line":14,"column":48},"end":{"line":14,"column":76}},"6":{"start":{"line":15,"column":48},"end":{"line":15,"column":92}},"7":{"start":{"line":17,"column":44},"end":{"line":17,"column":66}},"8":{"start":{"line":18,"column":46},"end":{"line":18,"column":74}},"9":{"start":{"line":19,"column":46},"end":{"line":19,"column":90}},"10":{"start":{"line":21,"column":4},"end":{"line":52,"column":15}},"11":{"start":{"line":22,"column":8},"end":{"line":50,"column":9}},"12":{"start":{"line":24,"column":16},"end":{"line":24,"column":45}},"13":{"start":{"line":25,"column":16},"end":{"line":25,"column":53}},"14":{"start":{"line":26,"column":16},"end":{"line":26,"column":69}},"15":{"start":{"line":27,"column":16},"end":{"line":27,"column":45}},"16":{"start":{"line":28,"column":16},"end":{"line":28,"column":52}},"17":{"start":{"line":29,"column":16},"end":{"line":29,"column":68}},"18":{"start":{"line":31,"column":16},"end":{"line":31,"column":21}},"19":{"start":{"line":33,"column":16},"end":{"line":33,"column":42}},"20":{"start":{"line":34,"column":16},"end":{"line":34,"column":52}},"21":{"start":{"line":35,"column":16},"end":{"line":35,"column":68}},"22":{"start":{"line":36,"column":16},"end":{"line":36,"column":45}},"23":{"start":{"line":37,"column":16},"end":{"line":37,"column":52}},"24":{"start":{"line":38,"column":16},"end":{"line":38,"column":68}},"25":{"start":{"line":39,"column":16},"end":{"line":39,"column":21}},"26":{"start":{"line":41,"column":16},"end":{"line":41,"column":42}},"27":{"start":{"line":42,"column":16},"end":{"line":42,"column":52}},"28":{"start":{"line":43,"column":16},"end":{"line":43,"column":68}},"29":{"start":{"line":44,"column":16},"end":{"line":44,"column":45}},"30":{"start":{"line":45,"column":16},"end":{"line":45,"column":53}},"31":{"start":{"line":46,"column":16},"end":{"line":46,"column":69}},"32":{"start":{"line":47,"column":16},"end":{"line":47,"column":21}},"33":{"start":{"line":49,"column":16},"end":{"line":49,"column":21}},"34":{"start":{"line":54,"column":4},"end":{"line":115,"column":5}}},"fnMap":{"0":{"name":"Methodology","decl":{"start":{"line":5,"column":9},"end":{"line":5,"column":20}},"loc":{"start":{"line":5,"column":23},"end":{"line":116,"column":1}},"line":5},"1":{"name":"(anonymous_1)","decl":{"start":{"line":21,"column":14},"end":{"line":21,"column":15}},"loc":{"start":{"line":21,"column":20},"end":{"line":52,"column":5}},"line":21}},"branchMap":{"0":{"loc":{"start":{"line":22,"column":8},"end":{"line":50,"column":9}},"type":"switch","locations":[{"start":{"line":23,"column":12},"end":{"line":31,"column":21}},{"start":{"line":32,"column":12},"end":{"line":39,"column":21}},{"start":{"line":40,"column":12},"end":{"line":47,"column":21}},{"start":{"line":48,"column":12},"end":{"line":49,"column":21}}],"line":22}},"s":{"0":0,"1":0,"2":0,"3":0,"4":0,"5":0,"6":0,"7":0,"8":0,"9":0,"10":0,"11":0,"12":0,"13":0,"14":0,"15":0,"16":0,"17":0,"18":0,"19":0,"20":0,"21":0,"22":0,"23":0,"24":0,"25":0,"26":0,"27":0,"28":0,"29":0,"30":0,"31":0,"32":0,"33":0,"34":0},"f":{"0":0,"1":0},"b":{"0":[0,0,0,0]}}
,"C:\\Users\\camil\\OneDrive\\Escritorio\\VIP\\EyeLand\\src\\components\\Home\\NavBar.jsx": {"path":"C:\\Users\\camil\\OneDrive\\Escritorio\\VIP\\EyeLand\\src\\components\\Home\\NavBar.jsx","statementMap":{"0":{"start":{"line":6,"column":21},"end":{"line":6,"column":34}},"1":{"start":{"line":8,"column":4},"end":{"line":29,"column":5}},"2":{"start":{"line":14,"column":28},"end":{"line":14,"column":41}}},"fnMap":{"0":{"name":"NavBar","decl":{"start":{"line":4,"column":9},"end":{"line":4,"column":15}},"loc":{"start":{"line":4,"column":46},"end":{"line":30,"column":1}},"line":4},"1":{"name":"(anonymous_1)","decl":{"start":{"line":13,"column":24},"end":{"line":13,"column":25}},"loc":{"start":{"line":13,"column":30},"end":{"line":15,"column":25}},"line":13}},"branchMap":{"0":{"loc":{"start":{"line":4,"column":18},"end":{"line":4,"column":42}},"type":"default-arg","locations":[{"start":{"line":4,"column":38},"end":{"line":4,"column":42}}],"line":4},"1":{"loc":{"start":{"line":20,"column":16},"end":{"line":26,"column":17}},"type":"binary-expr","locations":[{"start":{"line":20,"column":16},"end":{"line":20,"column":33}},{"start":{"line":21,"column":20},"end":{"line":25,"column":26}}],"line":20}},"s":{"0":0,"1":0,"2":0},"f":{"0":0,"1":0},"b":{"0":[0],"1":[0,0]}}
,"C:\\Users\\camil\\OneDrive\\Escritorio\\VIP\\EyeLand\\src\\components\\Home\\OurTeam.jsx": {"path":"C:\\Users\\camil\\OneDrive\\Escritorio\\VIP\\EyeLand\\src\\components\\Home\\OurTeam.jsx","statementMap":{"0":{"start":{"line":6,"column":4},"end":{"line":58,"column":5}}},"fnMap":{"0":{"name":"OurTeam","decl":{"start":{"line":5,"column":9},"end":{"line":5,"column":16}},"loc":{"start":{"line":5,"column":19},"end":{"line":59,"column":1}},"line":5}},"branchMap":{},"s":{"0":0},"f":{"0":0},"b":{}}
,"C:\\Users\\camil\\OneDrive\\Escritorio\\VIP\\EyeLand\\src\\components\\Home\\PersonCard.jsx": {"path":"C:\\Users\\camil\\OneDrive\\Escritorio\\VIP\\EyeLand\\src\\components\\Home\\PersonCard.jsx","statementMap":{"0":{"start":{"line":6,"column":4},"end":{"line":17,"column":5}}},"fnMap":{"0":{"name":"PersonCard","decl":{"start":{"line":5,"column":9},"end":{"line":5,"column":19}},"loc":{"start":{"line":5,"column":41},"end":{"line":18,"column":1}},"line":5}},"branchMap":{},"s":{"0":2},"f":{"0":2},"b":{},"_coverageSchema":"1a1c01bbd47fc00a2c39e90264f33305004495a9","hash":"f2174ae828352cfe7a45a0361ba8f53b79f37ff3"}
,"C:\\Users\\camil\\OneDrive\\Escritorio\\VIP\\EyeLand\\src\\components\\Home\\Power.jsx": {"path":"C:\\Users\\camil\\OneDrive\\Escritorio\\VIP\\EyeLand\\src\\components\\Home\\Power.jsx","statementMap":{"0":{"start":{"line":15,"column":4},"end":{"line":33,"column":6}},"1":{"start":{"line":21,"column":16},"end":{"line":21,"column":80}},"2":{"start":{"line":22,"column":16},"end":{"line":22,"column":34}}},"fnMap":{"0":{"name":"Power","decl":{"start":{"line":12,"column":9},"end":{"line":12,"column":14}},"loc":{"start":{"line":12,"column":92},"end":{"line":34,"column":1}},"line":12},"1":{"name":"(anonymous_1)","decl":{"start":{"line":18,"column":26},"end":{"line":18,"column":27}},"loc":{"start":{"line":18,"column":32},"end":{"line":23,"column":13}},"line":18}},"branchMap":{},"s":{"0":2,"1":1,"2":1},"f":{"0":2,"1":1},"b":{},"_coverageSchema":"1a1c01bbd47fc00a2c39e90264f33305004495a9","hash":"896b1d48b01b1639b8429beaff19992859050f8f"}
,"C:\\Users\\camil\\OneDrive\\Escritorio\\VIP\\EyeLand\\src\\components\\Home\\Section.jsx": {"path":"C:\\Users\\camil\\OneDrive\\Escritorio\\VIP\\EyeLand\\src\\components\\Home\\Section.jsx","statementMap":{"0":{"start":{"line":5,"column":4},"end":{"line":27,"column":5}},"1":{"start":{"line":15,"column":24},"end":{"line":22,"column":25}}},"fnMap":{"0":{"name":"Section","decl":{"start":{"line":4,"column":9},"end":{"line":4,"column":16}},"loc":{"start":{"line":4,"column":36},"end":{"line":28,"column":1}},"line":4},"1":{"name":"(anonymous_1)","decl":{"start":{"line":14,"column":31},"end":{"line":14,"column":32}},"loc":{"start":{"line":14,"column":50},"end":{"line":23,"column":21}},"line":14}},"branchMap":{},"s":{"0":0,"1":0},"f":{"0":0,"1":0},"b":{}}
,"C:\\Users\\camil\\OneDrive\\Escritorio\\VIP\\EyeLand\\src\\components\\Home\\Task.jsx": {"path":"C:\\Users\\camil\\OneDrive\\Escritorio\\VIP\\EyeLand\\src\\components\\Home\\Task.jsx","statementMap":{"0":{"start":{"line":4,"column":4},"end":{"line":24,"column":5}},"1":{"start":{"line":16,"column":20},"end":{"line":16,"column":69}},"2":{"start":{"line":17,"column":20},"end":{"line":17,"column":58}},"3":{"start":{"line":18,"column":20},"end":{"line":18,"column":70}},"4":{"start":{"line":19,"column":20},"end":{"line":19,"column":35}}},"fnMap":{"0":{"name":"Task","decl":{"start":{"line":3,"column":9},"end":{"line":3,"column":13}},"loc":{"start":{"line":3,"column":139},"end":{"line":25,"column":1}},"line":3},"1":{"name":"(anonymous_1)","decl":{"start":{"line":15,"column":30},"end":{"line":15,"column":31}},"loc":{"start":{"line":15,"column":36},"end":{"line":20,"column":17}},"line":15}},"branchMap":{},"s":{"0":0,"1":0,"2":0,"3":0,"4":0},"f":{"0":0,"1":0},"b":{}}
,"C:\\Users\\camil\\OneDrive\\Escritorio\\VIP\\EyeLand\\src\\components\\Home\\TeamWork.jsx": {"path":"C:\\Users\\camil\\OneDrive\\Escritorio\\VIP\\EyeLand\\src\\components\\Home\\TeamWork.jsx","statementMap":{"0":{"start":{"line":7,"column":34},"end":{"line":7,"column":45}},"1":{"start":{"line":9,"column":44},"end":{"line":9,"column":67}},"2":{"start":{"line":10,"column":44},"end":{"line":10,"column":65}},"3":{"start":{"line":11,"column":44},"end":{"line":11,"column":65}},"4":{"start":{"line":13,"column":4},"end":{"line":30,"column":17}},"5":{"start":{"line":14,"column":8},"end":{"line":29,"column":9}},"6":{"start":{"line":16,"column":16},"end":{"line":16,"column":81}},"7":{"start":{"line":17,"column":16},"end":{"line":17,"column":81}},"8":{"start":{"line":18,"column":16},"end":{"line":18,"column":22}},"9":{"start":{"line":20,"column":16},"end":{"line":20,"column":81}},"10":{"start":{"line":21,"column":16},"end":{"line":21,"column":81}},"11":{"start":{"line":22,"column":16},"end":{"line":22,"column":22}},"12":{"start":{"line":24,"column":16},"end":{"line":24,"column":81}},"13":{"start":{"line":25,"column":16},"end":{"line":25,"column":81}},"14":{"start":{"line":26,"column":16},"end":{"line":26,"column":22}},"15":{"start":{"line":28,"column":16},"end":{"line":28,"column":22}},"16":{"start":{"line":32,"column":4},"end":{"line":68,"column":5}}},"fnMap":{"0":{"name":"TeamWork","decl":{"start":{"line":5,"column":9},"end":{"line":5,"column":17}},"loc":{"start":{"line":5,"column":20},"end":{"line":69,"column":1}},"line":5},"1":{"name":"(anonymous_1)","decl":{"start":{"line":13,"column":14},"end":{"line":13,"column":15}},"loc":{"start":{"line":13,"column":20},"end":{"line":30,"column":5}},"line":13}},"branchMap":{"0":{"loc":{"start":{"line":14,"column":8},"end":{"line":29,"column":9}},"type":"switch","locations":[{"start":{"line":15,"column":12},"end":{"line":18,"column":22}},{"start":{"line":19,"column":12},"end":{"line":22,"column":22}},{"start":{"line":23,"column":12},"end":{"line":26,"column":22}},{"start":{"line":27,"column":12},"end":{"line":28,"column":22}}],"line":14}},"s":{"0":0,"1":0,"2":0,"3":0,"4":0,"5":0,"6":0,"7":0,"8":0,"9":0,"10":0,"11":0,"12":0,"13":0,"14":0,"15":0,"16":0},"f":{"0":0,"1":0},"b":{"0":[0,0,0,0]}}
,"C:\\Users\\camil\\OneDrive\\Escritorio\\VIP\\EyeLand\\src\\components\\Home\\dist\\Power.test.dev.js": {"path":"C:\\Users\\camil\\OneDrive\\Escritorio\\VIP\\EyeLand\\src\\components\\Home\\dist\\Power.test.dev.js","statementMap":{"0":{"start":{"line":3,"column":13},"end":{"line":3,"column":53}},"1":{"start":{"line":5,"column":14},"end":{"line":5,"column":47}},"2":{"start":{"line":7,"column":0},"end":{"line":7,"column":51}},"3":{"start":{"line":9,"column":13},"end":{"line":9,"column":55}},"4":{"start":{"line":11,"column":39},"end":{"line":11,"column":95}}},"fnMap":{"0":{"name":"_interopRequireDefault","decl":{"start":{"line":11,"column":9},"end":{"line":11,"column":31}},"loc":{"start":{"line":11,"column":37},"end":{"line":11,"column":97}},"line":11}},"branchMap":{"0":{"loc":{"start":{"line":11,"column":46},"end":{"line":11,"column":94}},"type":"cond-expr","locations":[{"start":{"line":11,"column":70},"end":{"line":11,"column":73}},{"start":{"line":11,"column":76},"end":{"line":11,"column":94}}],"line":11},"1":{"loc":{"start":{"line":11,"column":46},"end":{"line":11,"column":67}},"type":"binary-expr","locations":[{"start":{"line":11,"column":46},"end":{"line":11,"column":49}},{"start":{"line":11,"column":53},"end":{"line":11,"column":67}}],"line":11}},"s":{"0":0,"1":0,"2":0,"3":0,"4":0},"f":{"0":0},"b":{"0":[0,0],"1":[0,0]}}
,"C:\\Users\\camil\\OneDrive\\Escritorio\\VIP\\EyeLand\\src\\components\\common\\Footer.jsx": {"path":"C:\\Users\\camil\\OneDrive\\Escritorio\\VIP\\EyeLand\\src\\components\\common\\Footer.jsx","statementMap":{"0":{"start":{"line":4,"column":4},"end":{"line":9,"column":5}}},"fnMap":{"0":{"name":"Footer","decl":{"start":{"line":3,"column":9},"end":{"line":3,"column":15}},"loc":{"start":{"line":3,"column":18},"end":{"line":10,"column":1}},"line":3}},"branchMap":{},"s":{"0":0},"f":{"0":0},"b":{}}
,"C:\\Users\\camil\\OneDrive\\Escritorio\\VIP\\EyeLand\\src\\components\\common\\Title.jsx": {"path":"C:\\Users\\camil\\OneDrive\\Escritorio\\VIP\\EyeLand\\src\\components\\common\\Title.jsx","statementMap":{"0":{"start":{"line":5,"column":22},"end":{"line":5,"column":62}},"1":{"start":{"line":7,"column":4},"end":{"line":15,"column":5}}},"fnMap":{"0":{"name":"Title","decl":{"start":{"line":3,"column":9},"end":{"line":3,"column":14}},"loc":{"start":{"line":3,"column":37},"end":{"line":16,"column":1}},"line":3}},"branchMap":{},"s":{"0":0,"1":0},"f":{"0":0},"b":{}}
,"C:\\Users\\camil\\OneDrive\\Escritorio\\VIP\\EyeLand\\src\\contexts\\AlertContext.jsx": {"path":"C:\\Users\\camil\\OneDrive\\Escritorio\\VIP\\EyeLand\\src\\contexts\\AlertContext.jsx","statementMap":{"0":{"start":{"line":3,"column":21},"end":{"line":3,"column":36}},"1":{"start":{"line":7,"column":38},"end":{"line":7,"column":50}},"2":{"start":{"line":8,"column":46},"end":{"line":8,"column":65}},"3":{"start":{"line":9,"column":38},"end":{"line":9,"column":53}},"4":{"start":{"line":11,"column":24},"end":{"line":15,"column":5}},"5":{"start":{"line":12,"column":8},"end":{"line":12,"column":26}},"6":{"start":{"line":13,"column":8},"end":{"line":13,"column":34}},"7":{"start":{"line":14,"column":8},"end":{"line":14,"column":26}},"8":{"start":{"line":17,"column":4},"end":{"line":23,"column":19}},"9":{"start":{"line":18,"column":8},"end":{"line":22,"column":9}},"10":{"start":{"line":19,"column":12},"end":{"line":21,"column":20}},"11":{"start":{"line":20,"column":16},"end":{"line":20,"column":35}},"12":{"start":{"line":25,"column":4},"end":{"line":29,"column":5}}},"fnMap":{"0":{"name":"AlertProvider","decl":{"start":{"line":5,"column":9},"end":{"line":5,"column":22}},"loc":{"start":{"line":5,"column":37},"end":{"line":30,"column":1}},"line":5},"1":{"name":"(anonymous_1)","decl":{"start":{"line":11,"column":24},"end":{"line":11,"column":25}},"loc":{"start":{"line":11,"column":44},"end":{"line":15,"column":5}},"line":11},"2":{"name":"(anonymous_2)","decl":{"start":{"line":17,"column":14},"end":{"line":17,"column":15}},"loc":{"start":{"line":17,"column":20},"end":{"line":23,"column":5}},"line":17},"3":{"name":"(anonymous_3)","decl":{"start":{"line":19,"column":23},"end":{"line":19,"column":24}},"loc":{"start":{"line":19,"column":29},"end":{"line":21,"column":13}},"line":19}},"branchMap":{"0":{"loc":{"start":{"line":18,"column":8},"end":{"line":22,"column":9}},"type":"if","locations":[{"start":{"line":18,"column":8},"end":{"line":22,"column":9}},{"start":{},"end":{}}],"line":18}},"s":{"0":0,"1":0,"2":0,"3":0,"4":0,"5":0,"6":0,"7":0,"8":0,"9":0,"10":0,"11":0,"12":0},"f":{"0":0,"1":0,"2":0,"3":0},"b":{"0":[0,0]}}
,"C:\\Users\\camil\\OneDrive\\Escritorio\\VIP\\EyeLand\\src\\contexts\\UserContext.jsx": {"path":"C:\\Users\\camil\\OneDrive\\Escritorio\\VIP\\EyeLand\\src\\contexts\\UserContext.jsx","statementMap":{"0":{"start":{"line":3,"column":20},"end":{"line":3,"column":35}},"1":{"start":{"line":7,"column":28},"end":{"line":7,"column":42}},"2":{"start":{"line":8,"column":30},"end":{"line":8,"column":44}},"3":{"start":{"line":10,"column":4},"end":{"line":17,"column":11}},"4":{"start":{"line":11,"column":21},"end":{"line":11,"column":49}},"5":{"start":{"line":12,"column":22},"end":{"line":12,"column":51}},"6":{"start":{"line":13,"column":8},"end":{"line":16,"column":9}},"7":{"start":{"line":14,"column":12},"end":{"line":14,"column":38}},"8":{"start":{"line":15,"column":12},"end":{"line":15,"column":28}},"9":{"start":{"line":19,"column":4},"end":{"line":24,"column":22}},"10":{"start":{"line":20,"column":8},"end":{"line":23,"column":9}},"11":{"start":{"line":21,"column":12},"end":{"line":21,"column":63}},"12":{"start":{"line":22,"column":12},"end":{"line":22,"column":49}},"13":{"start":{"line":26,"column":4},"end":{"line":30,"column":6}}},"fnMap":{"0":{"name":"UserProvider","decl":{"start":{"line":5,"column":9},"end":{"line":5,"column":21}},"loc":{"start":{"line":5,"column":36},"end":{"line":31,"column":1}},"line":5},"1":{"name":"(anonymous_1)","decl":{"start":{"line":10,"column":14},"end":{"line":10,"column":15}},"loc":{"start":{"line":10,"column":20},"end":{"line":17,"column":5}},"line":10},"2":{"name":"(anonymous_2)","decl":{"start":{"line":19,"column":14},"end":{"line":19,"column":15}},"loc":{"start":{"line":19,"column":20},"end":{"line":24,"column":5}},"line":19}},"branchMap":{"0":{"loc":{"start":{"line":13,"column":8},"end":{"line":16,"column":9}},"type":"if","locations":[{"start":{"line":13,"column":8},"end":{"line":16,"column":9}},{"start":{},"end":{}}],"line":13},"1":{"loc":{"start":{"line":13,"column":12},"end":{"line":13,"column":25}},"type":"binary-expr","locations":[{"start":{"line":13,"column":12},"end":{"line":13,"column":16}},{"start":{"line":13,"column":20},"end":{"line":13,"column":25}}],"line":13},"2":{"loc":{"start":{"line":20,"column":8},"end":{"line":23,"column":9}},"type":"if","locations":[{"start":{"line":20,"column":8},"end":{"line":23,"column":9}},{"start":{},"end":{}}],"line":20},"3":{"loc":{"start":{"line":20,"column":12},"end":{"line":20,"column":25}},"type":"binary-expr","locations":[{"start":{"line":20,"column":12},"end":{"line":20,"column":16}},{"start":{"line":20,"column":20},"end":{"line":20,"column":25}}],"line":20}},"s":{"0":0,"1":0,"2":0,"3":0,"4":0,"5":0,"6":0,"7":0,"8":0,"9":0,"10":0,"11":0,"12":0,"13":0},"f":{"0":0,"1":0,"2":0},"b":{"0":[0,0],"1":[0,0],"2":[0,0],"3":[0,0]}}
,"C:\\Users\\camil\\OneDrive\\Escritorio\\VIP\\EyeLand\\src\\routes\\Home.jsx": {"path":"C:\\Users\\camil\\OneDrive\\Escritorio\\VIP\\EyeLand\\src\\routes\\Home.jsx","statementMap":{"0":{"start":{"line":11,"column":4},"end":{"line":21,"column":5}}},"fnMap":{"0":{"name":"Home","decl":{"start":{"line":10,"column":9},"end":{"line":10,"column":13}},"loc":{"start":{"line":10,"column":16},"end":{"line":22,"column":1}},"line":10}},"branchMap":{},"s":{"0":0},"f":{"0":0},"b":{}}
,"C:\\Users\\camil\\OneDrive\\Escritorio\\VIP\\EyeLand\\src\\routes\\Login.jsx": {"path":"C:\\Users\\camil\\OneDrive\\Escritorio\\VIP\\EyeLand\\src\\routes\\Login.jsx","statementMap":{"0":{"start":{"line":9,"column":22},"end":{"line":12,"column":1}},"1":{"start":{"line":14,"column":19},"end":{"line":17,"column":1}},"2":{"start":{"line":15,"column":25},"end":{"line":15,"column":60}},"3":{"start":{"line":16,"column":25},"end":{"line":16,"column":63}},"4":{"start":{"line":21,"column":28},"end":{"line":21,"column":51}},"5":{"start":{"line":22,"column":34},"end":{"line":22,"column":49}},"6":{"start":{"line":23,"column":28},"end":{"line":23,"column":52}},"7":{"start":{"line":24,"column":21},"end":{"line":24,"column":34}},"8":{"start":{"line":26,"column":25},"end":{"line":32,"column":5}},"9":{"start":{"line":27,"column":8},"end":{"line":27,"column":26}},"10":{"start":{"line":28,"column":8},"end":{"line":31,"column":10}},"11":{"start":{"line":34,"column":21},"end":{"line":48,"column":5}},"12":{"start":{"line":35,"column":8},"end":{"line":35,"column":24}},"13":{"start":{"line":36,"column":20},"end":{"line":36,"column":89}},"14":{"start":{"line":37,"column":8},"end":{"line":37,"column":38}},"15":{"start":{"line":38,"column":8},"end":{"line":47,"column":14}},"16":{"start":{"line":40,"column":16},"end":{"line":40,"column":52}},"17":{"start":{"line":41,"column":16},"end":{"line":41,"column":86}},"18":{"start":{"line":43,"column":30},"end":{"line":43,"column":105}},"19":{"start":{"line":44,"column":16},"end":{"line":44,"column":43}},"20":{"start":{"line":46,"column":16},"end":{"line":46,"column":33}},"21":{"start":{"line":50,"column":25},"end":{"line":65,"column":5}},"22":{"start":{"line":51,"column":8},"end":{"line":51,"column":26}},"23":{"start":{"line":52,"column":39},"end":{"line":52,"column":43}},"24":{"start":{"line":53,"column":30},"end":{"line":53,"column":59}},"25":{"start":{"line":54,"column":30},"end":{"line":54,"column":59}},"26":{"start":{"line":55,"column":8},"end":{"line":58,"column":9}},"27":{"start":{"line":56,"column":12},"end":{"line":56,"column":47}},"28":{"start":{"line":57,"column":12},"end":{"line":57,"column":18}},"29":{"start":{"line":59,"column":8},"end":{"line":62,"column":9}},"30":{"start":{"line":60,"column":12},"end":{"line":60,"column":47}},"31":{"start":{"line":61,"column":12},"end":{"line":61,"column":18}},"32":{"start":{"line":63,"column":8},"end":{"line":63,"column":31}},"33":{"start":{"line":67,"column":4},"end":{"line":93,"column":5}}},"fnMap":{"0":{"name":"(anonymous_0)","decl":{"start":{"line":15,"column":14},"end":{"line":15,"column":15}},"loc":{"start":{"line":15,"column":25},"end":{"line":15,"column":60}},"line":15},"1":{"name":"(anonymous_1)","decl":{"start":{"line":16,"column":14},"end":{"line":16,"column":15}},"loc":{"start":{"line":16,"column":25},"end":{"line":16,"column":63}},"line":16},"2":{"name":"Login","decl":{"start":{"line":19,"column":9},"end":{"line":19,"column":14}},"loc":{"start":{"line":19,"column":17},"end":{"line":94,"column":1}},"line":19},"3":{"name":"(anonymous_3)","decl":{"start":{"line":26,"column":25},"end":{"line":26,"column":26}},"loc":{"start":{"line":26,"column":32},"end":{"line":32,"column":5}},"line":26},"4":{"name":"(anonymous_4)","decl":{"start":{"line":34,"column":21},"end":{"line":34,"column":22}},"loc":{"start":{"line":34,"column":31},"end":{"line":48,"column":5}},"line":34},"5":{"name":"(anonymous_5)","decl":{"start":{"line":39,"column":18},"end":{"line":39,"column":19}},"loc":{"start":{"line":39,"column":25},"end":{"line":42,"column":13}},"line":39},"6":{"name":"(anonymous_6)","decl":{"start":{"line":42,"column":21},"end":{"line":42,"column":22}},"loc":{"start":{"line":42,"column":28},"end":{"line":45,"column":13}},"line":42},"7":{"name":"(anonymous_7)","decl":{"start":{"line":45,"column":20},"end":{"line":45,"column":21}},"loc":{"start":{"line":45,"column":26},"end":{"line":47,"column":13}},"line":45},"8":{"name":"(anonymous_8)","decl":{"start":{"line":50,"column":25},"end":{"line":50,"column":26}},"loc":{"start":{"line":50,"column":32},"end":{"line":65,"column":5}},"line":50}},"branchMap":{"0":{"loc":{"start":{"line":15,"column":25},"end":{"line":15,"column":60}},"type":"binary-expr","locations":[{"start":{"line":15,"column":25},"end":{"line":15,"column":31}},{"start":{"line":15,"column":35},"end":{"line":15,"column":60}}],"line":15},"1":{"loc":{"start":{"line":16,"column":25},"end":{"line":16,"column":63}},"type":"binary-expr","locations":[{"start":{"line":16,"column":25},"end":{"line":16,"column":31}},{"start":{"line":16,"column":35},"end":{"line":16,"column":63}}],"line":16},"2":{"loc":{"start":{"line":36,"column":20},"end":{"line":36,"column":89}},"type":"cond-expr","locations":[{"start":{"line":36,"column":39},"end":{"line":36,"column":41}},{"start":{"line":36,"column":44},"end":{"line":36,"column":89}}],"line":36},"3":{"loc":{"start":{"line":41,"column":16},"end":{"line":41,"column":86}},"type":"cond-expr","locations":[{"start":{"line":41,"column":35},"end":{"line":41,"column":58}},{"start":{"line":41,"column":61},"end":{"line":41,"column":86}}],"line":41},"4":{"loc":{"start":{"line":43,"column":30},"end":{"line":43,"column":105}},"type":"cond-expr","locations":[{"start":{"line":43,"column":45},"end":{"line":43,"column":62}},{"start":{"line":43,"column":65},"end":{"line":43,"column":105}}],"line":43},"5":{"loc":{"start":{"line":55,"column":8},"end":{"line":58,"column":9}},"type":"if","locations":[{"start":{"line":55,"column":8},"end":{"line":58,"column":9}},{"start":{},"end":{}}],"line":55},"6":{"loc":{"start":{"line":59,"column":8},"end":{"line":62,"column":9}},"type":"if","locations":[{"start":{"line":59,"column":8},"end":{"line":62,"column":9}},{"start":{},"end":{}}],"line":59},"7":{"loc":{"start":{"line":85,"column":33},"end":{"line":85,"column":127}},"type":"cond-expr","locations":[{"start":{"line":85,"column":43},"end":{"line":85,"column":108}},{"start":{"line":85,"column":111},"end":{"line":85,"column":127}}],"line":85}},"s":{"0":0,"1":0,"2":0,"3":0,"4":0,"5":0,"6":0,"7":0,"8":0,"9":0,"10":0,"11":0,"12":0,"13":0,"14":0,"15":0,"16":0,"17":0,"18":0,"19":0,"20":0,"21":0,"22":0,"23":0,"24":0,"25":0,"26":0,"27":0,"28":0,"29":0,"30":0,"31":0,"32":0,"33":0},"f":{"0":0,"1":0,"2":0,"3":0,"4":0,"5":0,"6":0,"7":0,"8":0},"b":{"0":[0,0],"1":[0,0],"2":[0,0],"3":[0,0],"4":[0,0],"5":[0,0],"6":[0,0],"7":[0,0]}}
,"C:\\Users\\camil\\OneDrive\\Escritorio\\VIP\\EyeLand\\src\\routes\\Admin\\AdminCRUD.jsx": {"path":"C:\\Users\\camil\\OneDrive\\Escritorio\\VIP\\EyeLand\\src\\routes\\Admin\\AdminCRUD.jsx","statementMap":{"0":{"start":{"line":14,"column":28},"end":{"line":14,"column":66}},"1":{"start":{"line":14,"column":43},"end":{"line":14,"column":66}},"2":{"start":{"line":16,"column":12},"end":{"line":27,"column":1}},"3":{"start":{"line":29,"column":16},"end":{"line":34,"column":1}},"4":{"start":{"line":30,"column":32},"end":{"line":30,"column":63}},"5":{"start":{"line":30,"column":42},"end":{"line":30,"column":63}},"6":{"start":{"line":31,"column":33},"end":{"line":31,"column":64}},"7":{"start":{"line":31,"column":43},"end":{"line":31,"column":64}},"8":{"start":{"line":32,"column":32},"end":{"line":32,"column":76}},"9":{"start":{"line":32,"column":42},"end":{"line":32,"column":76}},"10":{"start":{"line":33,"column":33},"end":{"line":33,"column":77}},"11":{"start":{"line":33,"column":43},"end":{"line":33,"column":77}},"12":{"start":{"line":36,"column":18},"end":{"line":49,"column":1}},"13":{"start":{"line":37,"column":19},"end":{"line":37,"column":37}},"14":{"start":{"line":37,"column":24},"end":{"line":37,"column":37}},"15":{"start":{"line":38,"column":17},"end":{"line":38,"column":49}},"16":{"start":{"line":40,"column":4},"end":{"line":46,"column":5}},"17":{"start":{"line":41,"column":8},"end":{"line":42,"column":81}},"18":{"start":{"line":44,"column":8},"end":{"line":45,"column":81}},"19":{"start":{"line":48,"column":4},"end":{"line":48,"column":18}},"20":{"start":{"line":52,"column":12},"end":{"line":52,"column":24}},"21":{"start":{"line":53,"column":16},"end":{"line":78,"column":1}},"22":{"start":{"line":55,"column":21},"end":{"line":55,"column":38}},"23":{"start":{"line":56,"column":8},"end":{"line":56,"column":54}},"24":{"start":{"line":57,"column":8},"end":{"line":57,"column":39}},"25":{"start":{"line":60,"column":8},"end":{"line":60,"column":19}},"26":{"start":{"line":61,"column":8},"end":{"line":64,"column":11}},"27":{"start":{"line":65,"column":8},"end":{"line":65,"column":37}},"28":{"start":{"line":68,"column":21},"end":{"line":68,"column":54}},"29":{"start":{"line":68,"column":37},"end":{"line":68,"column":53}},"30":{"start":{"line":69,"column":8},"end":{"line":69,"column":32}},"31":{"start":{"line":70,"column":8},"end":{"line":70,"column":44}},"32":{"start":{"line":71,"column":8},"end":{"line":71,"column":37}},"33":{"start":{"line":74,"column":21},"end":{"line":74,"column":54}},"34":{"start":{"line":74,"column":37},"end":{"line":74,"column":53}},"35":{"start":{"line":75,"column":8},"end":{"line":75,"column":52}},"36":{"start":{"line":75,"column":34},"end":{"line":75,"column":50}},"37":{"start":{"line":76,"column":8},"end":{"line":76,"column":37}},"38":{"start":{"line":80,"column":15},"end":{"line":82,"column":1}},"39":{"start":{"line":86,"column":21},"end":{"line":86,"column":34}},"40":{"start":{"line":87,"column":17},"end":{"line":87,"column":48}},"41":{"start":{"line":89,"column":4},"end":{"line":183,"column":5}},"42":{"start":{"line":100,"column":47},"end":{"line":100,"column":74}},"43":{"start":{"line":124,"column":46},"end":{"line":124,"column":66}},"44":{"start":{"line":127,"column":47},"end":{"line":127,"column":49}},"45":{"start":{"line":128,"column":32},"end":{"line":130,"column":33}},"46":{"start":{"line":129,"column":36},"end":{"line":129,"column":83}},"47":{"start":{"line":132,"column":32},"end":{"line":134,"column":33}},"48":{"start":{"line":133,"column":36},"end":{"line":133,"column":95}},"49":{"start":{"line":136,"column":32},"end":{"line":136,"column":46}},"50":{"start":{"line":144,"column":46},"end":{"line":144,"column":66}},"51":{"start":{"line":147,"column":47},"end":{"line":147,"column":49}},"52":{"start":{"line":149,"column":32},"end":{"line":151,"column":33}},"53":{"start":{"line":150,"column":36},"end":{"line":150,"column":69}},"54":{"start":{"line":153,"column":32},"end":{"line":155,"column":33}},"55":{"start":{"line":154,"column":36},"end":{"line":154,"column":83}},"56":{"start":{"line":157,"column":32},"end":{"line":159,"column":33}},"57":{"start":{"line":158,"column":36},"end":{"line":158,"column":95}},"58":{"start":{"line":161,"column":32},"end":{"line":161,"column":46}},"59":{"start":{"line":169,"column":46},"end":{"line":169,"column":66}},"60":{"start":{"line":172,"column":47},"end":{"line":172,"column":49}},"61":{"start":{"line":173,"column":32},"end":{"line":175,"column":33}},"62":{"start":{"line":174,"column":36},"end":{"line":174,"column":69}},"63":{"start":{"line":176,"column":32},"end":{"line":176,"column":46}}},"fnMap":{"0":{"name":"(anonymous_0)","decl":{"start":{"line":14,"column":28},"end":{"line":14,"column":29}},"loc":{"start":{"line":14,"column":43},"end":{"line":14,"column":66}},"line":14},"1":{"name":"(anonymous_1)","decl":{"start":{"line":30,"column":22},"end":{"line":30,"column":23}},"loc":{"start":{"line":30,"column":32},"end":{"line":30,"column":63}},"line":30},"2":{"name":"(anonymous_2)","decl":{"start":{"line":30,"column":32},"end":{"line":30,"column":33}},"loc":{"start":{"line":30,"column":42},"end":{"line":30,"column":63}},"line":30},"3":{"name":"(anonymous_3)","decl":{"start":{"line":31,"column":23},"end":{"line":31,"column":24}},"loc":{"start":{"line":31,"column":33},"end":{"line":31,"column":64}},"line":31},"4":{"name":"(anonymous_4)","decl":{"start":{"line":31,"column":33},"end":{"line":31,"column":34}},"loc":{"start":{"line":31,"column":43},"end":{"line":31,"column":64}},"line":31},"5":{"name":"(anonymous_5)","decl":{"start":{"line":32,"column":22},"end":{"line":32,"column":23}},"loc":{"start":{"line":32,"column":32},"end":{"line":32,"column":76}},"line":32},"6":{"name":"(anonymous_6)","decl":{"start":{"line":32,"column":32},"end":{"line":32,"column":33}},"loc":{"start":{"line":32,"column":42},"end":{"line":32,"column":76}},"line":32},"7":{"name":"(anonymous_7)","decl":{"start":{"line":33,"column":23},"end":{"line":33,"column":24}},"loc":{"start":{"line":33,"column":33},"end":{"line":33,"column":77}},"line":33},"8":{"name":"(anonymous_8)","decl":{"start":{"line":33,"column":33},"end":{"line":33,"column":34}},"loc":{"start":{"line":33,"column":43},"end":{"line":33,"column":77}},"line":33},"9":{"name":"(anonymous_9)","decl":{"start":{"line":36,"column":18},"end":{"line":36,"column":19}},"loc":{"start":{"line":36,"column":28},"end":{"line":49,"column":1}},"line":36},"10":{"name":"(anonymous_10)","decl":{"start":{"line":37,"column":19},"end":{"line":37,"column":20}},"loc":{"start":{"line":37,"column":24},"end":{"line":37,"column":37}},"line":37},"11":{"name":"(anonymous_11)","decl":{"start":{"line":54,"column":16},"end":{"line":54,"column":17}},"loc":{"start":{"line":54,"column":29},"end":{"line":58,"column":5}},"line":54},"12":{"name":"(anonymous_12)","decl":{"start":{"line":59,"column":12},"end":{"line":59,"column":13}},"loc":{"start":{"line":59,"column":22},"end":{"line":66,"column":5}},"line":59},"13":{"name":"(anonymous_13)","decl":{"start":{"line":67,"column":12},"end":{"line":67,"column":13}},"loc":{"start":{"line":67,"column":22},"end":{"line":72,"column":5}},"line":67},"14":{"name":"(anonymous_14)","decl":{"start":{"line":68,"column":32},"end":{"line":68,"column":33}},"loc":{"start":{"line":68,"column":37},"end":{"line":68,"column":53}},"line":68},"15":{"name":"(anonymous_15)","decl":{"start":{"line":73,"column":12},"end":{"line":73,"column":13}},"loc":{"start":{"line":73,"column":22},"end":{"line":77,"column":5}},"line":73},"16":{"name":"(anonymous_16)","decl":{"start":{"line":74,"column":32},"end":{"line":74,"column":33}},"loc":{"start":{"line":74,"column":37},"end":{"line":74,"column":53}},"line":74},"17":{"name":"(anonymous_17)","decl":{"start":{"line":75,"column":29},"end":{"line":75,"column":30}},"loc":{"start":{"line":75,"column":34},"end":{"line":75,"column":50}},"line":75},"18":{"name":"AdminCRUD","decl":{"start":{"line":84,"column":9},"end":{"line":84,"column":18}},"loc":{"start":{"line":84,"column":21},"end":{"line":184,"column":1}},"line":84},"19":{"name":"(anonymous_19)","decl":{"start":{"line":100,"column":36},"end":{"line":100,"column":37}},"loc":{"start":{"line":100,"column":47},"end":{"line":100,"column":74}},"line":100},"20":{"name":"(anonymous_20)","decl":{"start":{"line":124,"column":38},"end":{"line":124,"column":39}},"loc":{"start":{"line":124,"column":46},"end":{"line":124,"column":66}},"line":124},"21":{"name":"(anonymous_21)","decl":{"start":{"line":126,"column":38},"end":{"line":126,"column":39}},"loc":{"start":{"line":126,"column":50},"end":{"line":137,"column":29}},"line":126},"22":{"name":"(anonymous_22)","decl":{"start":{"line":144,"column":38},"end":{"line":144,"column":39}},"loc":{"start":{"line":144,"column":46},"end":{"line":144,"column":66}},"line":144},"23":{"name":"(anonymous_23)","decl":{"start":{"line":146,"column":38},"end":{"line":146,"column":39}},"loc":{"start":{"line":146,"column":50},"end":{"line":162,"column":29}},"line":146},"24":{"name":"(anonymous_24)","decl":{"start":{"line":169,"column":38},"end":{"line":169,"column":39}},"loc":{"start":{"line":169,"column":46},"end":{"line":169,"column":66}},"line":169},"25":{"name":"(anonymous_25)","decl":{"start":{"line":171,"column":38},"end":{"line":171,"column":39}},"loc":{"start":{"line":171,"column":50},"end":{"line":177,"column":29}},"line":171}},"branchMap":{"0":{"loc":{"start":{"line":40,"column":4},"end":{"line":46,"column":5}},"type":"if","locations":[{"start":{"line":40,"column":4},"end":{"line":46,"column":5}},{"start":{"line":43,"column":11},"end":{"line":46,"column":5}}],"line":40},"1":{"loc":{"start":{"line":41,"column":17},"end":{"line":42,"column":80}},"type":"cond-expr","locations":[{"start":{"line":42,"column":12},"end":{"line":42,"column":44}},{"start":{"line":42,"column":47},"end":{"line":42,"column":80}}],"line":41},"2":{"loc":{"start":{"line":44,"column":17},"end":{"line":45,"column":80}},"type":"cond-expr","locations":[{"start":{"line":45,"column":12},"end":{"line":45,"column":44}},{"start":{"line":45,"column":47},"end":{"line":45,"column":80}}],"line":44},"3":{"loc":{"start":{"line":128,"column":32},"end":{"line":130,"column":33}},"type":"if","locations":[{"start":{"line":128,"column":32},"end":{"line":130,"column":33}},{"start":{},"end":{}}],"line":128},"4":{"loc":{"start":{"line":132,"column":32},"end":{"line":134,"column":33}},"type":"if","locations":[{"start":{"line":132,"column":32},"end":{"line":134,"column":33}},{"start":{},"end":{}}],"line":132},"5":{"loc":{"start":{"line":149,"column":32},"end":{"line":151,"column":33}},"type":"if","locations":[{"start":{"line":149,"column":32},"end":{"line":151,"column":33}},{"start":{},"end":{}}],"line":149},"6":{"loc":{"start":{"line":153,"column":32},"end":{"line":155,"column":33}},"type":"if","locations":[{"start":{"line":153,"column":32},"end":{"line":155,"column":33}},{"start":{},"end":{}}],"line":153},"7":{"loc":{"start":{"line":157,"column":32},"end":{"line":159,"column":33}},"type":"if","locations":[{"start":{"line":157,"column":32},"end":{"line":159,"column":33}},{"start":{},"end":{}}],"line":157},"8":{"loc":{"start":{"line":173,"column":32},"end":{"line":175,"column":33}},"type":"if","locations":[{"start":{"line":173,"column":32},"end":{"line":175,"column":33}},{"start":{},"end":{}}],"line":173}},"s":{"0":0,"1":0,"2":0,"3":0,"4":0,"5":0,"6":0,"7":0,"8":0,"9":0,"10":0,"11":0,"12":0,"13":0,"14":0,"15":0,"16":0,"17":0,"18":0,"19":0,"20":0,"21":0,"22":0,"23":0,"24":0,"25":0,"26":0,"27":0,"28":0,"29":0,"30":0,"31":0,"32":0,"33":0,"34":0,"35":0,"36":0,"37":0,"38":0,"39":0,"40":0,"41":0,"42":0,"43":0,"44":0,"45":0,"46":0,"47":0,"48":0,"49":0,"50":0,"51":0,"52":0,"53":0,"54":0,"55":0,"56":0,"57":0,"58":0,"59":0,"60":0,"61":0,"62":0,"63":0},"f":{"0":0,"1":0,"2":0,"3":0,"4":0,"5":0,"6":0,"7":0,"8":0,"9":0,"10":0,"11":0,"12":0,"13":0,"14":0,"15":0,"16":0,"17":0,"18":0,"19":0,"20":0,"21":0,"22":0,"23":0,"24":0,"25":0},"b":{"0":[0,0],"1":[0,0],"2":[0,0],"3":[0,0],"4":[0,0],"5":[0,0],"6":[0,0],"7":[0,0],"8":[0,0]}}
,"C:\\Users\\camil\\OneDrive\\Escritorio\\VIP\\EyeLand\\src\\routes\\Admin\\AdminHome.jsx": {"path":"C:\\Users\\camil\\OneDrive\\Escritorio\\VIP\\EyeLand\\src\\routes\\Admin\\AdminHome.jsx","statementMap":{"0":{"start":{"line":6,"column":28},"end":{"line":6,"column":48}},"1":{"start":{"line":9,"column":4},"end":{"line":14,"column":10}},"2":{"start":{"line":10,"column":25},"end":{"line":12,"column":16}},"3":{"start":{"line":11,"column":12},"end":{"line":11,"column":31}},"4":{"start":{"line":13,"column":8},"end":{"line":13,"column":44}},"5":{"start":{"line":13,"column":21},"end":{"line":13,"column":44}},"6":{"start":{"line":16,"column":4},"end":{"line":27,"column":5}}},"fnMap":{"0":{"name":"AdminHome","decl":{"start":{"line":4,"column":9},"end":{"line":4,"column":18}},"loc":{"start":{"line":4,"column":21},"end":{"line":28,"column":1}},"line":4},"1":{"name":"(anonymous_1)","decl":{"start":{"line":9,"column":14},"end":{"line":9,"column":15}},"loc":{"start":{"line":9,"column":20},"end":{"line":14,"column":5}},"line":9},"2":{"name":"(anonymous_2)","decl":{"start":{"line":10,"column":37},"end":{"line":10,"column":38}},"loc":{"start":{"line":10,"column":43},"end":{"line":12,"column":9}},"line":10},"3":{"name":"(anonymous_3)","decl":{"start":{"line":13,"column":15},"end":{"line":13,"column":16}},"loc":{"start":{"line":13,"column":21},"end":{"line":13,"column":44}},"line":13}},"branchMap":{},"s":{"0":0,"1":0,"2":0,"3":0,"4":0,"5":0,"6":0},"f":{"0":0,"1":0,"2":0,"3":0},"b":{}}
,"C:\\Users\\camil\\OneDrive\\Escritorio\\VIP\\EyeLand\\src\\routes\\Admin\\index.jsx": {"path":"C:\\Users\\camil\\OneDrive\\Escritorio\\VIP\\EyeLand\\src\\routes\\Admin\\index.jsx","statementMap":{"0":{"start":{"line":6,"column":4},"end":{"line":13,"column":5}}},"fnMap":{"0":{"name":"Admin","decl":{"start":{"line":5,"column":9},"end":{"line":5,"column":14}},"loc":{"start":{"line":5,"column":17},"end":{"line":14,"column":1}},"line":5}},"branchMap":{},"s":{"0":0},"f":{"0":0},"b":{}}
}
